<?xml version="1.0" encoding="UTF-8"?>
<testng-results ignored="0" total="1" passed="1" failed="0" skipped="0">
  <reporter-output>
  </reporter-output>
  <suite started-at="2025-03-05T17:02:10 IST" name="Default suite" finished-at="2025-03-05T17:02:32 IST" duration-ms="21644">
    <groups>
    </groups>
    <test started-at="2025-03-05T17:02:10 IST" name="Default test" finished-at="2025-03-05T17:02:32 IST" duration-ms="21644">
      <class name="com.tka.testcase.ActionClass_TC">
        <test-method signature="login()[pri:0, instance:com.tka.testcase.ActionClass_TC@4e50c791]" started-at="2025-03-05T17:02:10 IST" name="login" finished-at="2025-03-05T17:02:32 IST" duration-ms="21600" status="PASS">
          <reporter-output>
          </reporter-output>
        </test-method> <!-- login -->
      </class> <!-- com.tka.testcase.ActionClass_TC -->
    </test> <!-- Default test -->
  </suite> <!-- Default suite -->
</testng-results>
